[debug] [2022-12-10T08:09:54.465Z] ----------------------------------------------------------------------
[debug] [2022-12-10T08:09:54.467Z] Command:       C:\Program Files\nodejs\node.exe C:\Users\RR-2\AppData\Roaming\npm\node_modules\firebase-tools\lib\bin\firebase.js init
[debug] [2022-12-10T08:09:54.468Z] CLI Version:   11.17.0
[debug] [2022-12-10T08:09:54.468Z] Platform:      win32
[debug] [2022-12-10T08:09:54.468Z] Node Version:  v16.17.1
[debug] [2022-12-10T08:09:54.469Z] Time:          Sat Dec 10 2022 15:09:54 GMT+0700 (Western Indonesia Time)
[debug] [2022-12-10T08:09:54.469Z] ----------------------------------------------------------------------
[debug] 
[debug] [2022-12-10T08:09:59.850Z] > command requires scopes: ["email","openid","https://www.googleapis.com/auth/cloudplatformprojects.readonly","https://www.googleapis.com/auth/firebase","https://www.googleapis.com/auth/cloud-platform"]
[debug] [2022-12-10T08:09:59.851Z] > authorizing via signed-in user (rizkydar13620@gmail.com)
[info] 
     ######## #### ########  ######## ########     ###     ######  ########
     ##        ##  ##     ## ##       ##     ##  ##   ##  ##       ##
     ######    ##  ########  ######   ########  #########  ######  ######
     ##        ##  ##    ##  ##       ##     ## ##     ##       ## ##
     ##       #### ##     ## ######## ########  ##     ##  ######  ########

You're about to initialize a Firebase project in this directory:

  E:\VScodes\srts

Before we get started, keep in mind:

  * You are initializing within an existing Firebase project directory

[info] 
=== Project Setup
[info] 
[info] First, let's associate this project directory with a Firebase project.
[info] You can create multiple project aliases by running firebase use --add, 
[info] but for now we'll just set up a default project.
[info] 
[debug] [2022-12-10T08:10:09.723Z] Using project from CLI flag: srts-db81a
[debug] [2022-12-10T08:10:09.724Z] > refreshing access token with scopes: []
[debug] [2022-12-10T08:10:09.730Z] >>> [apiv2][query] POST https://www.googleapis.com/oauth2/v3/token [none]
[debug] [2022-12-10T08:10:09.730Z] >>> [apiv2][body] POST https://www.googleapis.com/oauth2/v3/token [omitted]
[debug] [2022-12-10T08:10:09.853Z] <<< [apiv2][status] POST https://www.googleapis.com/oauth2/v3/token 200
[debug] [2022-12-10T08:10:09.853Z] <<< [apiv2][body] POST https://www.googleapis.com/oauth2/v3/token [omitted]
[debug] [2022-12-10T08:10:09.859Z] >>> [apiv2][query] GET https://firebase.googleapis.com/v1beta1/projects/srts-db81a [none]
[debug] [2022-12-10T08:10:10.200Z] <<< [apiv2][status] GET https://firebase.googleapis.com/v1beta1/projects/srts-db81a 200
[debug] [2022-12-10T08:10:10.200Z] <<< [apiv2][body] GET https://firebase.googleapis.com/v1beta1/projects/srts-db81a {"projectId":"srts-db81a","projectNumber":"889478557855","displayName":"srts","name":"projects/srts-db81a","resources":{"hostingSite":"srts-db81a","storageBucket":"srts-db81a.appspot.com","locationId":"asia-southeast2"},"state":"ACTIVE","etag":"1_dceef1a4-3c65-4fd8-ad47-bd46713f1b83"}
[info] i  Using project srts-db81a (srts) 
[info] 
=== Hosting Setup
[info] 
[info] Your public directory is the folder (relative to your project directory) that
[info] will contain Hosting assets to be uploaded with firebase deploy. If you
[info] have a build process for your assets, use your build's output directory.
[info] 
